MPASM 5.73  /USERS/PERMOTION/DOCUMENTS/PIC/M   8-24-2017  13:01:38         PAGE  1


LOC  OBJECT CODE     LINE SOURCE TEXT
  VALUE

                      00001 ;******************************************************************************
                      00002 ;   This file is a basic code template for code generation on the             *
                      00003 ;   PIC12F1822. This file contains the basic code building blocks to build    *
                      00004 ;   upon.                                                                     *
                      00005 ;                                                                             *
                      00006 ;   Refer to the MPASM User's Guide for additional information on             *
                      00007 ;   features of the assembler.                                                *
                      00008 ;                                                                             *
                      00009 ;   Refer to the respective data sheet for additional                         *
                      00010 ;   information on the instruction set.                                       *
                      00011 ;                                                                             *
                      00012 ;******************************************************************************
                      00013 ;                                                                             *
                      00014 ;    Filename:        main.asm                                                *
                      00015 ;    Date:            18/06/2017                                              *
                      00016 ;    File Version:    1                                                       *
                      00017 ;                                                                             *
                      00018 ;    Author:                                                     *
                      00019 ;    Company:                                                                 *
                      00020 ;                                                                             *
                      00021 ;                                                                             *
                      00022 ;******************************************************************************
                      00023 ;                                                                             *
                      00024 ;    Files Required: P12F1822.INC                                             *
                      00025 ;                                                                             *
                      00026 ;******************************************************************************
                      00027 ;                                                                             *
                      00028 ;    Notes:                                                                   *
                      00029 ;                                                                             *
                      00030 ;******************************************************************************
                      00031 ;                                                                             *
                      00032 ;    Revision History:                                                        *
                      00033 ;                                                                             *
                      00034 ;******************************************************************************
                      00035 
                      00036 
                      00037         list            p=12F1822      ; list directive to define processor
                      00038         #include        <p12F1822.inc> ; processor specific variable definitions
                      00001         LIST
                      00002 
                      00003 ;==========================================================================
                      00004 ; Build date : Nov 17 2016
                      00005 ;  MPASM PIC12F1822 processor include
                      00006 ; 
                      00007 ;  (c) Copyright 1999-2016 Microchip Technology, All rights reserved
                      00008 ;==========================================================================
                      00009 
                      01040         LIST
                      00039         #include        <HARDWARE_CFG.inc> ; PIC hardware configuration
                      00001 ;------------------------------------------------------------------------------
                      00002 ;
                      00003 ; PIC HARDWARE CONFIGURATION
                      00004 ;    
MPASM 5.73  /USERS/PERMOTION/DOCUMENTS/PIC/M   8-24-2017  13:01:38         PAGE  2


LOC  OBJECT CODE     LINE SOURCE TEXT
  VALUE

                      00005 ;------------------------------------------------------------------------------    
                      00006 
                      00007 ; OSCILLATOR FREQUENCY
                      00008 ;#define CLOCK_32MHZ
                      00009 #define CLOCK_16MHZ
                      00010 ;#define CLOCK_8MHZ
                      00011 ;#define CLOCK_4MHZ
                      00012 
                      00013 
                      00040         #include        <UART_CFG.inc> ; UART module configuration
                      00001 ;------------------------------------------------------------------------------
                      00002 ;
                      00003 ; UART MODULE CONFIGURATION
                      00004 ;    
                      00005 ;------------------------------------------------------------------------------    
                      00006 
                      00007 ; BAUD RATE VALUE
                      00008 #define BAUD_RATE_19200
                      00009 ;#define BAUD_RATE_9800
                      00010 ;#define BAUD_RATE_4800
                      00011 
                      00041         
                      00042         #ifdef  CLOCK_32MHZ 
                      00043             #define FREQ_CLOCK  d'32000000'
                      00044         #endif
                      00045         #ifdef  CLOCK_16MHZ
                      00046             #define FREQ_CLOCK  d'16000000'
                      00047         #endif
                      00048         #ifdef  CLOCK_8MHZ
                      00049             #define FREQ_CLOCK  d'8000000'
                      00050         #endif
                      00051         #ifdef  CLOCK_4MHZ
                      00052             #define FREQ_CLOCK  d'4000000' 
                      00053         #endif
                      00054 ;------------------------------------------------------------------------------
                      00055 ;
                      00056 ; CONFIGURATION WORD SETUP
                      00057 ;
                      00058 ; The 'CONFIG' directive is used to embed the configuration word within the 
                      00059 ; .asm file. The lables following the directive are located in the respective 
                      00060 ; .inc file.  See the data sheet for additional information on configuration 
                      00061 ; word settings.
                      00062 ;
                      00063 ;------------------------------------------------------------------------------    
                      00064 
8007   09E4           00065     __CONFIG _CONFIG1, _FOSC_INTOSC & _WDTE_OFF & _PWRTE_OFF & _MCLRE_ON & _CP_OFF & _CPD_OFF & _BOREN_O
                            FF & _CLKOUTEN_OFF & _IESO_OFF & _FCMEN_OFF
8008   1CFF           00066     __CONFIG _CONFIG2, _WRT_OFF & _PLLEN_OFF & _STVREN_OFF & _BORV_19 & _LVP_OFF
                      00067 
                      00068 ;------------------------------------------------------------------------------
                      00069 ; VARIABLE DEFINITIONS
                      00070 ;
                      00071 ; Available Data Memory divided into Bank 0-15.  Each Bank may contain 
MPASM 5.73  /USERS/PERMOTION/DOCUMENTS/PIC/M   8-24-2017  13:01:38         PAGE  3


LOC  OBJECT CODE     LINE SOURCE TEXT
  VALUE

                      00072 ; Special Function Registers, General Purpose Registers, and Access RAM 
                      00073 ;
                      00074 ;------------------------------------------------------------------------------
                      00075 
  00000020            00076 DELAY   EQU     0X20    ; Delays vars
                      00077     CBLOCK      DELAY    
  00000020            00078     delay1      ; 0X20 delay counter
  00000021            00079     delay2      ; 0X21 delay counter
  00000022            00080     delay3      ; 0X22 delay counter
  00000023            00081     delay4      ; 0X23 delay counter
                      00082     ENDC
                      00083     
                      00084 ;------------------------------------------------------------------------------
                      00085 ; EEPROM INITIALIZATION
                      00086 ;
                      00087 ; The 12F1822 has 256 bytes of non-volatile EEPROM, starting at address 0xF000
                      00088 ; 
                      00089 ;------------------------------------------------------------------------------
                      00090 
                      00091 DATAEE    ORG  0xF000
F000   004D 0043 0048 00092     DE    "MCHP"  ; Place 'M' 'C' 'H' 'P' at address 0,1,2,3
       0050 
                      00093 
                      00094 ;------------------------------------------------------------------------------
                      00095 ; RESET VECTOR
                      00096 ;------------------------------------------------------------------------------
                      00097 
                      00098     ORG     0x0000            ; processor reset vector
0000   2???           00099     CALL    SETUP             ; program configuration routine
0001   2???           00100     GOTO    START             ; When using debug header, first inst.
                      00101                               ; may be passed over by ICD2.  
                      00102 
                      00103 ;------------------------------------------------------------------------------
                      00104 ; INTERRUPT SERVICE ROUTINE
                      00105 ;------------------------------------------------------------------------------
                      00106 
                      00107     ORG      0x0004
                      00108 
                      00109 ;------------------------------------------------------------------------------
                      00110 ; USER INTERRUPT SERVICE ROUTINE GOES HERE
                      00111 ;------------------------------------------------------------------------------
                      00112 
                      00113 ; Note the 12F1822 family automatically handles context restoration for 
                      00114 ; W, STATUS, BSR, FSR, and PCLATH where previous templates for 16F families
                      00115 ; required manual restoration.  Shadow registers store these SFR values, and
                      00116 ; shadow registers may be modified since they are readable and writable for
                      00117 ; modification to the context restoration.    
                      00118 
0004   0009           00119     RETFIE                    ; return from interrupt
                      00120     
                      00121 ;------------------------------------------------------------------------------
                      00122 ; MAIN PROGRAM
                      00123 ;------------------------------------------------------------------------------
MPASM 5.73  /USERS/PERMOTION/DOCUMENTS/PIC/M   8-24-2017  13:01:38         PAGE  4


LOC  OBJECT CODE     LINE SOURCE TEXT
  VALUE

                      00124 
0005                  00125 START
                      00126     
0005   2???           00127     CALL UART_INIT
0006   2???           00128     CALL DELAY_5mS
                      00129 ;------------------------------------------------------------------------------
                      00130 ; PLACE USER PROGRAM HERE
                      00131 ;------------------------------------------------------------------------------
                      00132     
0007   3041           00133     movlw 'A'
0008   2???           00134     CALL UART_PUTCHAR
0009   3042           00135     movlw 'B'
000A   2???           00136     CALL UART_PUTCHAR
000B   2???           00137     CALL UART_GETCHAR
000C   2???           00138     CALL UART_PUTCHAR
000D   2???           00139     GOTO $
                      00140 
                      00141 ;-----------------------------------------------
000E                  00142 SETUP:
000E   0021           00143     BANKSEL OSCCON ; OSCILLATOR CONTROL REGISTER
                      00144     #if (FREQ_CLOCK == d'32000000') ;1110
                      00145     MOVLW   B'01110000'
                      00146     #endif 
                      00147     #if (FREQ_CLOCK == d'16000000') ;1111
000F   3078           00148     MOVLW   B'01111000'
                      00149     #endif
                      00150     #if (FREQ_CLOCK == d'8000000') ;1110
                      00151     MOVLW   B'01110000'
                      00152     #endif
                      00153     #if (FREQ_CLOCK == d'4000000') ;1101
                      00154     MOVLW   B'01101000'
                      00155     #endif
Message[302]: Register in operand not in bank 0.  Ensure that bank bits are correct.
0010   0099           00156     MOVWF   OSCCON
                      00157     
                      00158     ;INITIALIZING PORTA
0011   0020           00159     BANKSEL PORTA
0012   018C           00160     CLRF PORTA
0013   0023           00161     BANKSEL ANSELA ; ANALOG SELECT (PORT A)
Message[302]: Register in operand not in bank 0.  Ensure that bank bits are correct.
0014   018C           00162     CLRF    ANSELA ; configure all RAx as digital I/O
0015   0021           00163     BANKSEL TRISA ; TRI-STATE REGISTER
Message[302]: Register in operand not in bank 0.  Ensure that bank bits are correct.
0016   018C           00164     CLRF    TRISA ; configure all RAx as a digital output
0017                  00165 SETUP_END:
0017   0008           00166     RETURN
                      00167 ;-----------------------------------------------
                      00168 
                      00169 ;******************************************************************************
                      00170 ; UART LIBRARY                                                                *
                      00171 ; ROUTINES: UART_INIT: Module initialization                                  *               
                      00172 ;           UART_PUTCHAR: Transmit character (8 bit)                          * 
                      00173 ;           UART_GETCHAR: Receive character (8 bits)                          *                         
MPASM 5.73  /USERS/PERMOTION/DOCUMENTS/PIC/M   8-24-2017  13:01:38         PAGE  5


LOC  OBJECT CODE     LINE SOURCE TEXT
  VALUE

                              
                      00174 ;******************************************************************************  
                      00175 ;-----------------------------------------------
0018                  00176 UART_INIT: 
0018   0023           00177     BANKSEL TXSTA           ; TRANSMIT STATUS AND CONTROL
Message[302]: Register in operand not in bank 0.  Ensure that bank bits are correct.
0019   151E           00178     BSF     TXSTA, BRGH     ; BRGH = 1, hi-speed SP mode.
                      00179     
                      00180     ; Setting baud rate
001A   0023           00181     BANKSEL SPBRG           ; BAUD RATE GENERATOR                       
                      00182     ; FOSC/[16 (n+1)]  - n = (FOSC/16/BAUDRATE) - 1
                      00183     ; 4800 bauds -->   n = (8.000.000/(16*4800)) - 1 = 103
                      00184     #ifdef BAUD_RATE_19200
                      00185         #ifdef CLOCK_32MHZ
                      00186             MOVLW   d'103'                                 
                      00187         #endif
                      00188         #ifdef CLOCK_16MHZ
001B   3033           00189             MOVLW   d'51'                                  
                      00190         #endif
                      00191         #ifdef CLOCK_8MHZ
                      00192             MOVLW   d'25'                                  
                      00193         #endif
                      00194     #endif
                      00195 
                      00196     #ifdef BAUD_RATE_9600
                      00197       #ifdef CLOCK_32MHZ
                      00198             MOVLW  d'207'                                  
                      00199         #endif
                      00200         #ifdef CLOCK_16MHZ
                      00201             MOVLW   d'103'                                 
                      00202         #endif
                      00203         #ifdef CLOCK_8MHZ
                      00204             MOVLW   d'51'                                  
                      00205         #endif
                      00206     #endif
                      00207                 
                      00208     #ifdef BAUD_RATE_4800
                      00209         #ifdef CLOCK_32MHZ
                      00210             ERROR   "Error - SPADD VALUE TOO BIG FOR THIS BRGH/BRG16 CONFIGURATION"
                      00211         #endif
                      00212         #ifdef CLOCK_16MHZ
                      00213             MOVLW   d'207'                                 
                      00214         #endif
                      00215         #ifdef CLOCK_8MHZ
                      00216             MOVLW   d'103'                                 
                      00217         #endif
                      00218     #endif                 
Message[302]: Register in operand not in bank 0.  Ensure that bank bits are correct.
001C   009B           00219     MOVWF   SPBRG           ; set Baud Rate Generator        
                      00220 
                      00221     ; Setting ping input(Rx) and output(Tx)
001D   0021           00222     BANKSEL TRISA ; TRI-STATE REGISTER
Message[302]: Register in operand not in bank 0.  Ensure that bank bits are correct.
MPASM 5.73  /USERS/PERMOTION/DOCUMENTS/PIC/M   8-24-2017  13:01:38         PAGE  6


LOC  OBJECT CODE     LINE SOURCE TEXT
  VALUE

001E   168C           00223     BSF     TRISA, RA5      ; configured as an input (Rx)
Message[302]: Register in operand not in bank 0.  Ensure that bank bits are correct.
001F   120C           00224     BCF     TRISA, RA4      ; configured as an output (Tx)
                      00225     
0020   0022           00226     BANKSEL APFCON          ; ALTERNATE PIN FUNCTION CONTROL (select peripheral input and output functio
                            ns)
Message[302]: Register in operand not in bank 0.  Ensure that bank bits are correct.
0021   179D           00227     BSF     APFCON, RXDTSEL ; configure RA5 as Rx (0=RA1 / 1=RA5)
Message[302]: Register in operand not in bank 0.  Ensure that bank bits are correct.
0022   151D           00228     BSF     APFCON, TXCKSEL ; configure RA4 as Tx (0=RA0 / 1=RA4)
                      00229     
0023   0023           00230     BANKSEL TXSTA           ; TRANSMIT STATUS AND CONTROL
Message[302]: Register in operand not in bank 0.  Ensure that bank bits are correct.
0024   121E           00231     BCF     TXSTA, SYNC     ; clear SYNC bit, asynchronous mode (1=Synchronous / 0=Asynchronous)
Message[302]: Register in operand not in bank 0.  Ensure that bank bits are correct.
0025   169E           00232     BSF     TXSTA, TXEN     ; enable transmission
                      00233     
0026   0021           00234     BANKSEL PIE1            ; PERIPHERAL INTERRUPT ENABLE REGISTER 1
Message[302]: Register in operand not in bank 0.  Ensure that bank bits are correct.
0027   1291           00235     BCF     PIE1,  RCIE     ; disable Receive interrupt
Message[302]: Register in operand not in bank 0.  Ensure that bank bits are correct.
0028   1211           00236     BCF     PIE1,  TXIE     ; disable transmit interrupt  
                      00237 
0029   0023           00238     BANKSEL RCSTA           ; RECEIVE STATUS AND CONTROL REGISTER
Message[302]: Register in operand not in bank 0.  Ensure that bank bits are correct.
002A   179D           00239     BSF     RCSTA, SPEN     ; set SPEN bit, serial-port enable
Message[302]: Register in operand not in bank 0.  Ensure that bank bits are correct.
002B   161D           00240     BSF     RCSTA, CREN     ; set CREN bit, serial-port receive enable
                      00241     
002C   0020           00242     BANKSEL 0X00
002D                  00243 UART_INIT_END:
002D   0008           00244     RETURN
                      00245 ;-----------------------------------------------
                      00246 ;-----------------------------------------------
002E                  00247 UART_PUTCHAR:   ; Byte will be copied from W
002E   0023           00248     BANKSEL TXREG
Message[302]: Register in operand not in bank 0.  Ensure that bank bits are correct.
002F   009A           00249     MOVWF   TXREG           ; transmission is initialized
                      00250     
0030   0020           00251     BANKSEL PIR1            ;PERIPHERAL INTERRUPT REQUEST REGISTER 1
0031                  00252 WAITCHAR1                   ;PIR1:  PSPIF   ADIF  RCIF  "TXIF"  SSPIF   CCP1IF   TMR2IF   TMR1IF  
0031   1E11           00253     BTFSS   PIR1,TXIF       ;TXIF: Transmit Interrupt Flag bit:  1=buffer is empty  0=buffer is full    
                                     
0032   2???           00254     GOTO    WAITCHAR1   
0033   0020           00255     BANKSEL 0X00        
0034                  00256 UART_PUTCHAR_END:
0034   0008           00257     RETURN
                      00258 ;-----------------------------------------------
                      00259 ;-----------------------------------------------
0035                  00260 UART_GETCHAR:   ; Byte will be copied to W
0035                  00261 WAITCHAR2  
0035   0020           00262     BANKSEL PIR1
0036   1E91           00263     BTFSS   PIR1,RCIF      ;PIR1:  PSPIF   ADIF "RCIF"  TXIF   SSPIF   CCP1IF   TMR2IF   TMR1IF         
MPASM 5.73  /USERS/PERMOTION/DOCUMENTS/PIC/M   8-24-2017  13:01:38         PAGE  7


LOC  OBJECT CODE     LINE SOURCE TEXT
  VALUE

                                 
0037   2???           00264     GOTO    WAITCHAR2      ;RCIF: Receive Interrupt Flag bit:  1= receive buffer is full  0= receive buf
                            fer is empty
0038   0023           00265     BANKSEL RCREG
Message[302]: Register in operand not in bank 0.  Ensure that bank bits are correct.
0039   0819           00266     MOVFW   RCREG          ; move byte to W
003A   0020           00267     BANKSEL 0X00
003B                  00268 UART_GETCHAR_END:
003B   0008           00269     RETURN
                      00270 ;******************************************************************************
                      00271 ; END UART LIBRARY                                                            *                         
                              
                      00272 ;******************************************************************************  
                      00273 ;******************************************************************************
                      00274 ; DELAY 16MHZ LIBRARY                                                         *
                      00275 ; ROUTINES: DELAY_5mS: 5 milliseconds delay                                   *
                      00276 ;           DELAY_500mS: 500 milliseconds delay                               *
                      00277 ; Based on http://www.piclist.com/techref/piclist/codegen/delay.htm           *
                      00278 ;******************************************************************************  
                      00279 ;-----------------------------------------------
003C                  00280 DELAY_5mS:
                      00281 ; Delay = 0.005 seconds
                      00282 ; Clock frequency = 16 MHz
                      00283 ; Actual delay = 0.005 seconds = 20000 cycles
                      00284 ; Error = 0 %
003C   309F           00285         movlw   0x9F
003D   00A0           00286         movwf   delay1
003E   3010           00287         movlw   0x10
003F   00A1           00288         movwf   delay2
0040                  00289 DELAY_5mS_loop
0040   0BA0           00290         decfsz  delay1, f
0041   2???           00291         goto    $+2
0042   0BA1           00292         decfsz  delay2, f
0043   2???           00293         goto    DELAY_5mS_loop
                      00294 
                      00295                         ;2 cycles
0044   2???           00296         goto    $+1
0045                  00297 DELAY_5mS_END:
0045   0008           00298     RETURN
                      00299 ;-----------------------------------------------
                      00300 ;-----------------------------------------------
0046                  00301 DELAY_500mS:
                      00302 ; Delay = 0.5 seconds
                      00303 ; Clock frequency = 16 MHz
                      00304 ; Actual delay = 0.5 seconds = 2000000 cycles
                      00305 ; Error = 0 %
0046   0020           00306         BANKSEL DELAY
0047   3011           00307         movlw   0x11
0048   00A0           00308         movwf   delay1
0049   305D           00309         movlw   0x5D
004A   00A1           00310         movwf   delay2
004B   3005           00311         movlw   0x05
004C   00A2           00312         movwf   delay3
MPASM 5.73  /USERS/PERMOTION/DOCUMENTS/PIC/M   8-24-2017  13:01:38         PAGE  8


LOC  OBJECT CODE     LINE SOURCE TEXT
  VALUE

004D                  00313 DELAY_500mS_loop
004D   0BA0           00314         decfsz  delay1, f
004E   2???           00315         goto    $+2
004F   0BA1           00316         decfsz  delay2, f
0050   2???           00317         goto    $+2
0051   0BA2           00318         decfsz  delay3, f
0052   2???           00319         goto    DELAY_500mS_loop
                      00320 
                      00321                         ;4 cycles
0053   2???           00322         goto    $+1
0054   2???           00323         goto    $+1
0055                  00324 DELAY_500mS_END:
0055   0008           00325     RETURN
                      00326 ;-----------------------------------------------
                      00327 ;******************************************************************************
                      00328 ; END DELAY LIBRARY                                                           *                         
                              
                      00329 ;******************************************************************************
09E4 1CFF             00330     END
MPASM 5.73  /USERS/PERMOTION/DOCUMENTS/PIC/M   8-24-2017  13:01:38         PAGE  9


SYMBOL TABLE
  LABEL                             VALUE 

ABDEN                             00000000
ABDOVF                            00000007
ACKDT                             00000005
ACKEN                             00000004
ACKSTAT                           00000006
ACKTIM                            00000007
ADCON0                            0000009D
ADCON1                            0000009E
ADCS0                             00000004
ADCS1                             00000005
ADCS2                             00000006
ADDEN                             00000003
ADFM                              00000007
ADFVR0                            00000000
ADFVR1                            00000001
ADGO                              00000001
ADIE                              00000006
ADIF                              00000006
ADON                              00000000
ADPREF0                           00000000
ADPREF1                           00000001
ADRES                             0000009B
ADRESH                            0000009C
ADRESL                            0000009B
AHEN                              00000001
AN0                               00000000
AN1                               00000001
AN2                               00000002
AN3                               00000004
ANSA0                             00000000
ANSA1                             00000001
ANSA2                             00000002
ANSA4                             00000004
ANSELA                            0000018C
APFCON                            0000011D
APFCON0                           0000011D
BAUDCON                           0000019F
BAUD_RATE_19200                   
BCL1IE                            00000003
BCL1IF                            00000003
BF                                00000000
BOEN                              00000004
BORCON                            00000116
BORRDY                            00000000
BRG16                             00000003
BRGH                              00000002
BSR                               00000008
BSR0                              00000000
BSR1                              00000001
BSR2                              00000002
BSR3                              00000003
BSR4                              00000004
BSR_SHAD                          00000FE6
MPASM 5.73  /USERS/PERMOTION/DOCUMENTS/PIC/M   8-24-2017  13:01:38         PAGE 10


SYMBOL TABLE
  LABEL                             VALUE 

C                                 00000000
C1HYS                             00000001
C1IE                              00000005
C1IF                              00000005
C1IN0N                            00000001
C1IN1N                            00000004
C1INP                             00000000
C1INTN                            00000006
C1INTP                            00000007
C1NCH0                            00000000
C1OE                              00000005
C1ON                              00000007
C1OUT_CM1CON0                     00000006
C1OUT_PORTA                       00000002
C1PCH0                            00000004
C1PCH1                            00000005
C1POL                             00000004
C1SP                              00000002
C1SYNC                            00000000
CCP1AS                            00000295
CCP1AS0                           00000004
CCP1AS1                           00000005
CCP1AS2                           00000006
CCP1ASE                           00000007
CCP1CON                           00000293
CCP1IE                            00000002
CCP1IF                            00000002
CCP1M0                            00000000
CCP1M1                            00000001
CCP1M2                            00000002
CCP1M3                            00000003
CCP1SEL                           00000000
CCPR1                             00000291
CCPR1H                            00000292
CCPR1L                            00000291
CDAFVR0                           00000002
CDAFVR1                           00000003
CFGS                              00000006
CHS0                              00000002
CHS1                              00000003
CHS2                              00000004
CHS3                              00000005
CHS4                              00000006
CKE                               00000006
CKP                               00000004
CLKIN                             00000005
CLKOUT                            00000004
CLKR                              00000004
CLKRCON                           0000039A
CLKRDC0                           00000003
CLKRDC1                           00000004
CLKRDIV0                          00000000
CLKRDIV1                          00000001
MPASM 5.73  /USERS/PERMOTION/DOCUMENTS/PIC/M   8-24-2017  13:01:38         PAGE 11


SYMBOL TABLE
  LABEL                             VALUE 

CLKRDIV2                          00000002
CLKREN                            00000007
CLKROE                            00000006
CLKRSLR                           00000005
CLOCK_16MHZ                       
CM1CON0                           00000111
CM1CON1                           00000112
CMOUT                             00000115
CPS0                              00000000
CPS1                              00000001
CPS2                              00000002
CPS3                              00000004
CPSCH0                            00000000
CPSCH1                            00000001
CPSCON0                           0000001E
CPSCON1                           0000001F
CPSON                             00000007
CPSOUT                            00000001
CPSRM                             00000006
CPSRNG0                           00000002
CPSRNG1                           00000003
CREN                              00000004
CSRC                              00000007
C_SHAD                            00000000
DACCON0                           00000118
DACCON1                           00000119
DACEN                             00000007
DACLPS                            00000006
DACOE                             00000005
DACOUT                            00000000
DACPSS0                           00000002
DACPSS1                           00000003
DACR0                             00000000
DACR1                             00000001
DACR2                             00000002
DACR3                             00000003
DACR4                             00000004
DATAEE                            0000F000
DC                                00000001
DC1B0                             00000004
DC1B1                             00000005
DC_SHAD                           00000001
DELAY                             00000020
DELAY_500mS                       00000046
DELAY_500mS_END                   00000055
DELAY_500mS_loop                  0000004D
DELAY_5mS                         0000003C
DELAY_5mS_END                     00000045
DELAY_5mS_loop                    00000040
DHEN                              00000000
D_NOT_A                           00000005
ECCP1AS                           00000295
EEADR                             00000191
MPASM 5.73  /USERS/PERMOTION/DOCUMENTS/PIC/M   8-24-2017  13:01:38         PAGE 12


SYMBOL TABLE
  LABEL                             VALUE 

EEADRH                            00000192
EEADRL                            00000191
EECON1                            00000195
EECON2                            00000196
EEDAT                             00000193
EEDATH                            00000194
EEDATL                            00000193
EEIE                              00000004
EEIF                              00000004
EEPGD                             00000007
F                                 00000001
FERR                              00000002
FLT0                              00000002
FREE                              00000004
FREQ_CLOCK                        d'16000000'
FSR0                              00000004
FSR0H                             00000005
FSR0H_SHAD                        00000FE9
FSR0L                             00000004
FSR0L_SHAD                        00000FE8
FSR1                              00000006
FSR1H                             00000007
FSR1H_SHAD                        00000FEB
FSR1L                             00000006
FSR1L_SHAD                        00000FEA
FVRCON                            00000117
FVREN                             00000007
FVRRDY                            00000006
GCEN                              00000007
GIE                               00000007
GO                                00000001
GO_NOT_DONE                       00000001
HFIOFL                            00000003
HFIOFR                            00000004
HFIOFS                            00000000
INDF0                             00000000
INDF1                             00000001
INTCON                            0000000B
INTE                              00000004
INTEDG                            00000006
INTF                              00000001
IOCAF                             00000393
IOCAF0                            00000000
IOCAF1                            00000001
IOCAF2                            00000002
IOCAF3                            00000003
IOCAF4                            00000004
IOCAF5                            00000005
IOCAN                             00000392
IOCAN0                            00000000
IOCAN1                            00000001
IOCAN2                            00000002
IOCAN3                            00000003
MPASM 5.73  /USERS/PERMOTION/DOCUMENTS/PIC/M   8-24-2017  13:01:38         PAGE 13


SYMBOL TABLE
  LABEL                             VALUE 

IOCAN4                            00000004
IOCAN5                            00000005
IOCAP                             00000391
IOCAP0                            00000000
IOCAP1                            00000001
IOCAP2                            00000002
IOCAP3                            00000003
IOCAP4                            00000004
IOCAP5                            00000005
IOCIE                             00000003
IOCIF                             00000000
IRCF0                             00000003
IRCF1                             00000004
IRCF2                             00000005
IRCF3                             00000006
LATA                              0000010C
LATA0                             00000000
LATA1                             00000001
LATA2                             00000002
LATA4                             00000004
LATA5                             00000005
LFIOFR                            00000001
LWLO                              00000005
MC1OUT                            00000000
MDBIT                             00000000
MDCARH                            0000039F
MDCARL                            0000039E
MDCH0                             00000000
MDCH1                             00000001
MDCH2                             00000002
MDCH3                             00000003
MDCHODIS                          00000007
MDCHPOL                           00000006
MDCHSYNC                          00000005
MDCIN1                            00000002
MDCIN2                            00000004
MDCL0                             00000000
MDCL1                             00000001
MDCL2                             00000002
MDCL3                             00000003
MDCLODIS                          00000007
MDCLPOL                           00000006
MDCLSYNC                          00000005
MDCON                             0000039C
MDEN                              00000007
MDMIN                             00000001
MDMS0                             00000000
MDMS1                             00000001
MDMS2                             00000002
MDMS3                             00000003
MDMSODIS                          00000007
MDOE                              00000006
MDOPOL                            00000004
MPASM 5.73  /USERS/PERMOTION/DOCUMENTS/PIC/M   8-24-2017  13:01:38         PAGE 14


SYMBOL TABLE
  LABEL                             VALUE 

MDOUT_MDCON                       00000003
MDOUT_PORTA                       00000000
MDSLR                             00000005
MDSRC                             0000039D
MFIOFR                            00000002
NOT_BOR                           00000000
NOT_DONE                          00000001
NOT_MCLR                          00000003
NOT_PD                            00000003
NOT_POR                           00000001
NOT_RI                            00000002
NOT_RMCLR                         00000003
NOT_T1SYNC                        00000002
NOT_TO                            00000004
NOT_WPUEN                         00000007
OERR                              00000001
OPTION_REG                        00000095
OSC1                              00000005
OSC2                              00000004
OSCCON                            00000099
OSCSTAT                           0000009A
OSCTUNE                           00000098
OSFIE                             00000007
OSFIF                             00000007
OSTS                              00000005
P                                 00000004
P1BSEL                            00000001
P1DC0                             00000000
P1DC1                             00000001
P1DC2                             00000002
P1DC3                             00000003
P1DC4                             00000004
P1DC5                             00000005
P1DC6                             00000006
P1M0                              00000006
P1M1                              00000007
P1RSEN                            00000007
PCIE                              00000006
PCL                               00000002
PCLATH                            0000000A
PCLATH_SHAD                       00000FE7
PCON                              00000096
PEIE                              00000006
PEN                               00000002
PIE1                              00000091
PIE2                              00000092
PIR1                              00000011
PIR2                              00000012
PLLR                              00000006
PORTA                             0000000C
PR2                               0000001B
PS0                               00000000
PS1                               00000001
MPASM 5.73  /USERS/PERMOTION/DOCUMENTS/PIC/M   8-24-2017  13:01:38         PAGE 15


SYMBOL TABLE
  LABEL                             VALUE 

PS2                               00000002
PSA                               00000003
PSS1AC0                           00000002
PSS1AC1                           00000003
PSS1BD0                           00000000
PSS1BD1                           00000001
PSTR1CON                          00000296
PWM1CON                           00000294
RA0                               00000000
RA1                               00000001
RA2                               00000002
RA3                               00000003
RA4                               00000004
RA5                               00000005
RCEN                              00000003
RCIDL                             00000006
RCIE                              00000005
RCIF                              00000005
RCREG                             00000199
RCSTA                             0000019D
RD                                00000000
RSEN                              00000001
RX9                               00000006
RX9D                              00000000
RXDTSEL                           00000007
R_NOT_W                           00000002
S                                 00000003
SBCDE                             00000002
SBOREN                            00000007
SCIE                              00000005
SCK                               00000001
SCKP                              00000004
SCL                               00000001
SCS0                              00000000
SCS1                              00000001
SDA                               00000002
SDAHT                             00000003
SDI                               00000002
SDO1SEL                           00000006
SDOSEL                            00000006
SEN                               00000000
SENDB                             00000003
SETUP                             0000000E
SETUP_END                         00000017
SMP                               00000007
SP1BRG                            0000019B
SP1BRGH                           0000019C
SP1BRGL                           0000019B
SPBRG                             0000019B
SPBRGH                            0000019C
SPBRGL                            0000019B
SPEN                              00000007
SPLLEN                            00000007
MPASM 5.73  /USERS/PERMOTION/DOCUMENTS/PIC/M   8-24-2017  13:01:38         PAGE 16


SYMBOL TABLE
  LABEL                             VALUE 

SRCLK0                            00000004
SRCLK1                            00000005
SRCLK2                            00000006
SRCON0                            0000011A
SRCON1                            0000011B
SREN                              00000005
SRI                               00000001
SRLEN                             00000007
SRNQ                              00000005
SRNQEN                            00000002
SRPR                              00000000
SRPS                              00000001
SRQ                               00000002
SRQEN                             00000003
SRRC1E                            00000000
SRRCKE                            00000002
SRRPE                             00000003
SRSC1E                            00000004
SRSCKE                            00000006
SRSPE                             00000007
SS1SEL                            00000005
SSP1ADD                           00000212
SSP1BUF                           00000211
SSP1CON1                          00000215
SSP1CON2                          00000216
SSP1CON3                          00000217
SSP1IE                            00000003
SSP1IF                            00000003
SSP1MSK                           00000213
SSP1STAT                          00000214
SSPADD                            00000212
SSPBUF                            00000211
SSPCON                            00000215
SSPCON1                           00000215
SSPCON2                           00000216
SSPCON3                           00000217
SSPEN                             00000005
SSPM0                             00000000
SSPM1                             00000001
SSPM2                             00000002
SSPM3                             00000003
SSPMSK                            00000213
SSPOV                             00000006
SSPSTAT                           00000214
SSSEL                             00000005
START                             00000005
STATUS                            00000003
STATUS_SHAD                       00000FE4
STKOVF                            00000007
STKPTR                            00000FED
STKUNF                            00000006
STR1A                             00000000
STR1B                             00000001
MPASM 5.73  /USERS/PERMOTION/DOCUMENTS/PIC/M   8-24-2017  13:01:38         PAGE 17


SYMBOL TABLE
  LABEL                             VALUE 

STR1C                             00000002
STR1D                             00000003
STR1SYNC                          00000004
SWDTEN                            00000000
SYNC                              00000004
T0CKI                             00000002
T0CS                              00000005
T0IE                              00000005
T0IF                              00000002
T0SE                              00000004
T0XCS                             00000000
T1CKI                             00000005
T1CKPS0                           00000004
T1CKPS1                           00000005
T1CON                             00000018
T1GCON                            00000019
T1GGO                             00000003
T1GGO_NOT_DONE                    00000003
T1GPOL                            00000006
T1GSEL                            00000003
T1GSPM                            00000004
T1GSS0                            00000000
T1GSS1                            00000001
T1GTM                             00000005
T1GVAL                            00000002
T1OSCEN                           00000003
T1OSCR                            00000007
T1OSI                             00000005
T1OSO                             00000004
T2CKPS0                           00000000
T2CKPS1                           00000001
T2CON                             0000001C
T2OUTPS0                          00000003
T2OUTPS1                          00000004
T2OUTPS2                          00000005
T2OUTPS3                          00000006
TMR0                              00000015
TMR0CS                            00000005
TMR0IE                            00000005
TMR0IF                            00000002
TMR0SE                            00000004
TMR1                              00000016
TMR1CS0                           00000006
TMR1CS1                           00000007
TMR1GE                            00000007
TMR1GIE                           00000007
TMR1GIF                           00000007
TMR1H                             00000017
TMR1IE                            00000000
TMR1IF                            00000000
TMR1L                             00000016
TMR1ON                            00000000
TMR2                              0000001A
MPASM 5.73  /USERS/PERMOTION/DOCUMENTS/PIC/M   8-24-2017  13:01:38         PAGE 18


SYMBOL TABLE
  LABEL                             VALUE 

TMR2IE                            00000001
TMR2IF                            00000001
TMR2ON                            00000002
TOSH                              00000FEF
TOSL                              00000FEE
TRISA                             0000008C
TRISA0                            00000000
TRISA1                            00000001
TRISA2                            00000002
TRISA3                            00000003
TRISA4                            00000004
TRISA5                            00000005
TRMT                              00000001
TSEN                              00000005
TSRNG                             00000004
TUN0                              00000000
TUN1                              00000001
TUN2                              00000002
TUN3                              00000003
TUN4                              00000004
TUN5                              00000005
TX9                               00000006
TX9D                              00000000
TXCKSEL                           00000002
TXEN                              00000005
TXIE                              00000004
TXIF                              00000004
TXREG                             0000019A
TXSTA                             0000019E
UA                                00000001
UART_GETCHAR                      00000035
UART_GETCHAR_END                  0000003B
UART_INIT                         00000018
UART_INIT_END                     0000002D
UART_PUTCHAR                      0000002E
UART_PUTCHAR_END                  00000034
W                                 00000000
WAITCHAR1                         00000031
WAITCHAR2                         00000035
WCOL                              00000007
WDTCON                            00000097
WDTPS0                            00000001
WDTPS1                            00000002
WDTPS2                            00000003
WDTPS3                            00000004
WDTPS4                            00000005
WPUA                              0000020C
WPUA0                             00000000
WPUA1                             00000001
WPUA2                             00000002
WPUA3                             00000003
WPUA4                             00000004
WPUA5                             00000005
MPASM 5.73  /USERS/PERMOTION/DOCUMENTS/PIC/M   8-24-2017  13:01:38         PAGE 19


SYMBOL TABLE
  LABEL                             VALUE 

WR                                00000001
WREG                              00000009
WREG_SHAD                         00000FE5
WREN                              00000002
WRERR                             00000003
WUE                               00000001
Z                                 00000002
Z_SHAD                            00000002
_.org_2_000D                      0000000D
_.org_2_0041                      00000041
_.org_2_0044                      00000044
_.org_2_004E                      0000004E
_.org_2_0050                      00000050
_.org_2_0053                      00000053
_.org_2_0054                      00000054
_BOREN_NSLEEP                     00003DFF
_BOREN_OFF                        000039FF
_BOREN_ON                         00003FFF
_BOREN_SBODEN                     00003BFF
_BORV_19                          00003FFF
_BORV_HI                          00003BFF
_BORV_LO                          00003FFF
_CLKOUTEN_OFF                     00003FFF
_CLKOUTEN_ON                      000037FF
_CONFIG1                          00008007
_CONFIG2                          00008008
_CPD_OFF                          00003FFF
_CPD_ON                           00003EFF
_CP_OFF                           00003FFF
_CP_ON                            00003F7F
_DEVID1                           00008006
_FCMEN_OFF                        00001FFF
_FCMEN_ON                         00003FFF
_FOSC_ECH                         00003FFF
_FOSC_ECL                         00003FFD
_FOSC_ECM                         00003FFE
_FOSC_EXTRC                       00003FFB
_FOSC_HS                          00003FFA
_FOSC_INTOSC                      00003FFC
_FOSC_LP                          00003FF8
_FOSC_XT                          00003FF9
_IDLOC0                           00008000
_IDLOC1                           00008001
_IDLOC2                           00008002
_IDLOC3                           00008003
_IESO_OFF                         00002FFF
_IESO_ON                          00003FFF
_LVP_OFF                          00001FFF
_LVP_ON                           00003FFF
_MCLRE_OFF                        00003FBF
_MCLRE_ON                         00003FFF
_PLLEN_OFF                        00003EFF
_PLLEN_ON                         00003FFF
MPASM 5.73  /USERS/PERMOTION/DOCUMENTS/PIC/M   8-24-2017  13:01:38         PAGE 20


SYMBOL TABLE
  LABEL                             VALUE 

_PWRTE_OFF                        00003FFF
_PWRTE_ON                         00003FDF
_STVREN_OFF                       00003DFF
_STVREN_ON                        00003FFF
_WDTE_NSLEEP                      00003FF7
_WDTE_OFF                         00003FE7
_WDTE_ON                          00003FFF
_WDTE_SWDTEN                      00003FEF
_WRT_ALL                          00003FFC
_WRT_BOOT                         00003FFE
_WRT_HALF                         00003FFD
_WRT_OFF                          00003FFF
__12F1822                         00000001
delay1                            00000020
delay2                            00000021
delay3                            00000022
delay4                            00000023

Errors   :     0
Warnings :     0 reported,     0 suppressed
Messages :    17 reported,     0 suppressed

